[debug] [2017-10-07T17:12:40.421Z] ----------------------------------------------------------------------
[debug] [2017-10-07T17:12:40.423Z] Command:       /usr/local/bin/node /usr/local/bin/firebase serve
[debug] [2017-10-07T17:12:40.424Z] CLI Version:   3.12.0
[debug] [2017-10-07T17:12:40.424Z] Platform:      darwin
[debug] [2017-10-07T17:12:40.424Z] Node Version:  v6.10.3
[debug] [2017-10-07T17:12:40.424Z] Time:          Sat Oct 07 2017 10:12:40 GMT-0700 (PDT)
[debug] [2017-10-07T17:12:40.425Z] ----------------------------------------------------------------------
[debug] 
[debug] [2017-10-07T17:12:40.439Z] > command requires scopes: ["email","openid","https://www.googleapis.com/auth/cloudplatformprojects.readonly","https://www.googleapis.com/auth/firebase","https://www.googleapis.com/auth/cloud-platform"]
[debug] [2017-10-07T17:12:40.439Z] > authorizing via signed-in user
[debug] [2017-10-07T17:12:40.440Z] > refreshing access token with scopes: ["email","https://www.googleapis.com/auth/cloud-platform","https://www.googleapis.com/auth/cloudplatformprojects.readonly","https://www.googleapis.com/auth/firebase","openid"]
[debug] [2017-10-07T17:12:40.441Z] >>> HTTP REQUEST POST https://www.googleapis.com/oauth2/v3/token { refresh_token: '1/JTi7gpHIaf0JL77lMBsMGrfP2FuOtkGNLZ7TEfVkCEE',
  client_id: '563584335869-fgrhgmd47bqnekij5i8b5pr03ho849e6.apps.googleusercontent.com',
  client_secret: 'j9iVZfS8kkCEFUPaAeJV0sAi',
  grant_type: 'refresh_token',
  scope: 'email https://www.googleapis.com/auth/cloud-platform https://www.googleapis.com/auth/cloudplatformprojects.readonly https://www.googleapis.com/auth/firebase openid' } 
 Sat Oct 07 2017 10:12:40 GMT-0700 (PDT)
[debug] [2017-10-07T17:12:40.641Z] <<< HTTP RESPONSE 200
[debug] [2017-10-07T17:12:40.644Z] >>> HTTP REQUEST GET https://admin.firebase.com/v1/projects/fruit-drop-1506557698689  
 Sat Oct 07 2017 10:12:40 GMT-0700 (PDT)
[debug] [2017-10-07T17:12:41.085Z] <<< HTTP RESPONSE 200
[debug] [2017-10-07T17:12:41.086Z] >>> HTTP REQUEST GET https://admin.firebase.com/v1/database/fruit-drop-1506557698689/tokens  
 Sat Oct 07 2017 10:12:41 GMT-0700 (PDT)
[debug] [2017-10-07T17:12:41.666Z] <<< HTTP RESPONSE 200
[info] 
[info] === Serving from '/Users/gracepark/Documents/UCLA_CodingBootcamp/fruitdrop/fruitdrop'...
[info] 
[debug] [2017-10-07T17:12:41.670Z] >>> HTTP REQUEST GET https://cloudresourcemanager.googleapis.com/v1/projects/fruit-drop-1506557698689  
 Sat Oct 07 2017 10:12:41 GMT-0700 (PDT)
[debug] [2017-10-07T17:12:42.146Z] <<< HTTP RESPONSE 200
[debug] [2017-10-07T17:12:42.147Z] >>> HTTP REQUEST GET https://mobilesdk-pa.googleapis.com/v1/projects/425209410204/clients/_:getWebAppConfig  
 Sat Oct 07 2017 10:12:42 GMT-0700 (PDT)
[debug] [2017-10-07T17:12:42.505Z] <<< HTTP RESPONSE 200
[warn] ⚠  hosting: Port 5000 is not available. Trying another port...
[debug] [2017-10-07T17:12:42.528Z] >>> HTTP REQUEST GET https://cloudresourcemanager.googleapis.com/v1/projects/fruit-drop-1506557698689  
 Sat Oct 07 2017 10:12:42 GMT-0700 (PDT)
[debug] [2017-10-07T17:12:42.847Z] <<< HTTP RESPONSE 200
[debug] [2017-10-07T17:12:42.847Z] >>> HTTP REQUEST GET https://mobilesdk-pa.googleapis.com/v1/projects/425209410204/clients/_:getWebAppConfig  
 Sat Oct 07 2017 10:12:42 GMT-0700 (PDT)
[debug] [2017-10-07T17:12:43.218Z] <<< HTTP RESPONSE 200
[info] i  hosting: Serving hosting files from: public
[info] ✔  hosting: Local server: http://localhost:5004

